# JRE version: Java(TM) SE Runtime Environment 18.9 (11.0.11+9) (build 11.0.11+9-LTS-194)
# Java VM: Java HotSpot(TM) 64-Bit Server VM 18.9 (11.0.11+9-LTS-194, mixed mode, tiered, compressed oops, g1 gc, windows-amd64)
Heap:
 garbage-first heap   total 131072K, used 80680K [0x0000000081c00000, 0x0000000100000000)
  region size 1024K, 19 young (19456K), 5 survivors (5120K)
 Metaspace       used 39631K, capacity 41185K, committed 41520K, reserved 1085440K
  class space    used 4863K, capacity 5440K, committed 5504K, reserved 1048576K
GC Heap History (10 events):
Event: 0.692 GC heap before
{Heap before GC invocations=0 (full 0):
 garbage-first heap   total 131072K, used 24576K [0x0000000081c00000, 0x0000000100000000)
  region size 1024K, 24 young (24576K), 0 survivors (0K)
 Metaspace       used 12723K, capacity 12868K, committed 13184K, reserved 1060864K
  class space    used 1254K, capacity 1320K, committed 1408K, reserved 1048576K
}
Event: 0.696 GC heap after
{Heap after GC invocations=1 (full 0):
 garbage-first heap   total 131072K, used 5619K [0x0000000081c00000, 0x0000000100000000)
  region size 1024K, 3 young (3072K), 3 survivors (3072K)
 Metaspace       used 12723K, capacity 12868K, committed 13184K, reserved 1060864K
  class space    used 1254K, capacity 1320K, committed 1408K, reserved 1048576K
}
Event: 1.304 GC heap before
{Heap before GC invocations=1 (full 0):
 garbage-first heap   total 131072K, used 65011K [0x0000000081c00000, 0x0000000100000000)
  region size 1024K, 62 young (63488K), 3 survivors (3072K)
 Metaspace       used 20786K, capacity 21186K, committed 21296K, reserved 1069056K
  class space    used 2241K, capacity 2406K, committed 2432K, reserved 1048576K
}
Event: 1.309 GC heap after
{Heap after GC invocations=2 (full 0):
 garbage-first heap   total 131072K, used 7655K [0x0000000081c00000, 0x0000000100000000)
  region size 1024K, 5 young (5120K), 5 survivors (5120K)
 Metaspace       used 20786K, capacity 21186K, committed 21296K, reserved 1069056K
  class space    used 2241K, capacity 2406K, committed 2432K, reserved 1048576K
}
Event: 2.098 GC heap before
{Heap before GC invocations=3 (full 0):
 garbage-first heap   total 131072K, used 67047K [0x0000000081c00000, 0x0000000100000000)
  region size 1024K, 63 young (64512K), 5 survivors (5120K)
 Metaspace       used 29504K, capacity 30082K, committed 30384K, reserved 1077248K
  class space    used 3299K, capacity 3518K, committed 3584K, reserved 1048576K
}
Event: 2.104 GC heap after
{Heap after GC invocations=4 (full 0):
 garbage-first heap   total 131072K, used 11237K [0x0000000081c00000, 0x0000000100000000)
  region size 1024K, 6 young (6144K), 6 survivors (6144K)
 Metaspace       used 29504K, capacity 30082K, committed 30384K, reserved 1077248K
  class space    used 3299K, capacity 3518K, committed 3584K, reserved 1048576K
}
Event: 4.755 GC heap before
{Heap before GC invocations=4 (full 0):
 garbage-first heap   total 131072K, used 97253K [0x0000000081c00000, 0x0000000100000000)
  region size 1024K, 40 young (40960K), 6 survivors (6144K)
 Metaspace       used 34578K, capacity 35789K, committed 35888K, reserved 1081344K
  class space    used 4170K, capacity 4675K, committed 4736K, reserved 1048576K
}
Event: 4.760 GC heap after
{Heap after GC invocations=5 (full 0):
 garbage-first heap   total 131072K, used 64926K [0x0000000081c00000, 0x0000000100000000)
  region size 1024K, 6 young (6144K), 6 survivors (6144K)
 Metaspace       used 34578K, capacity 35789K, committed 35888K, reserved 1081344K
  class space    used 4170K, capacity 4675K, committed 4736K, reserved 1048576K
}
Event: 8.199 GC heap before
{Heap before GC invocations=6 (full 0):
 garbage-first heap   total 131072K, used 103838K [0x0000000081c00000, 0x0000000100000000)
  region size 1024K, 44 young (45056K), 6 survivors (6144K)
 Metaspace       used 38844K, capacity 40331K, committed 40496K, reserved 1085440K
  class space    used 4797K, capacity 5398K, committed 5504K, reserved 1048576K
}
Event: 8.203 GC heap after
{Heap after GC invocations=7 (full 0):
 garbage-first heap   total 131072K, used 67368K [0x0000000081c00000, 0x0000000100000000)
  region size 1024K, 5 young (5120K), 5 survivors (5120K)
 Metaspace       used 38844K, capacity 40331K, committed 40496K, reserved 1085440K
  class space    used 4797K, capacity 5398K, committed 5504K, reserved 1048576K
}

