<?xml version="1.0" encoding="UTF-8"?>
<testng-results ignored="0" total="1" passed="1" failed="0" skipped="0">
  <reporter-output>
  </reporter-output>
  <suite started-at="2021-05-20T07:37:18 IST" name="Default suite" finished-at="2021-05-20T07:37:29 IST" duration-ms="10624">
    <groups>
    </groups>
    <test started-at="2021-05-20T07:37:18 IST" name="Default test" finished-at="2021-05-20T07:37:29 IST" duration-ms="10624">
      <class name="SeleniumWebAutomation.HomePage">
        <test-method signature="basePageNavigation()[pri:0, instance:SeleniumWebAutomation.HomePage@346d61be]" started-at="2021-05-20T07:37:18 IST" name="basePageNavigation" finished-at="2021-05-20T07:37:29 IST" duration-ms="10583" status="PASS">
          <reporter-output>
          </reporter-output>
        </test-method> <!-- basePageNavigation -->
      </class> <!-- SeleniumWebAutomation.HomePage -->
    </test> <!-- Default test -->
  </suite> <!-- Default suite -->
</testng-results>
