<?xml version="1.0" encoding="UTF-8"?>
<testng-results ignored="0" total="4" passed="4" failed="0" skipped="0">
  <reporter-output>
  </reporter-output>
  <suite started-at="2021-06-15T08:35:04 IST" name="Suite" finished-at="2021-06-15T08:37:15 IST" duration-ms="130731">
    <groups>
    </groups>
    <test started-at="2021-06-15T08:35:04 IST" name="TestHompage" finished-at="2021-06-15T08:36:34 IST" duration-ms="90152">
      <class name="SeleniumWebAutomation.HomePage">
        <test-method is-config="true" signature="initateDriver()[pri:0, instance:SeleniumWebAutomation.HomePage@1c9f0a20]" started-at="2021-06-15T08:35:04 IST" name="initateDriver" finished-at="2021-06-15T08:35:09 IST" duration-ms="5011" status="PASS">
          <reporter-output>
          </reporter-output>
        </test-method> <!-- initateDriver -->
        <test-method signature="basePageNavigation(java.lang.String, java.lang.String)[pri:0, instance:SeleniumWebAutomation.HomePage@1c9f0a20]" started-at="2021-06-15T08:35:09 IST" name="basePageNavigation" data-provider="getData" finished-at="2021-06-15T08:35:57 IST" duration-ms="47425" status="PASS">
          <params>
            <param index="0">
              <value>
                <![CDATA[restricteduser@a.com]]>
              </value>
            </param>
            <param index="1">
              <value>
                <![CDATA[123]]>
              </value>
            </param>
          </params>
          <reporter-output>
          </reporter-output>
        </test-method> <!-- basePageNavigation -->
        <test-method signature="basePageNavigation(java.lang.String, java.lang.String)[pri:0, instance:SeleniumWebAutomation.HomePage@1c9f0a20]" started-at="2021-06-15T08:35:57 IST" name="basePageNavigation" data-provider="getData" finished-at="2021-06-15T08:36:34 IST" duration-ms="37539" status="PASS">
          <params>
            <param index="0">
              <value>
                <![CDATA[nonrestricteduser@a.com]]>
              </value>
            </param>
            <param index="1">
              <value>
                <![CDATA[456]]>
              </value>
            </param>
          </params>
          <reporter-output>
          </reporter-output>
        </test-method> <!-- basePageNavigation -->
        <test-method is-config="true" signature="closeBrowserWindows()[pri:0, instance:SeleniumWebAutomation.HomePage@1c9f0a20]" started-at="2021-06-15T08:36:34 IST" name="closeBrowserWindows" finished-at="2021-06-15T08:36:34 IST" duration-ms="126" status="PASS">
          <reporter-output>
          </reporter-output>
        </test-method> <!-- closeBrowserWindows -->
      </class> <!-- SeleniumWebAutomation.HomePage -->
    </test> <!-- TestHompage -->
    <test started-at="2021-06-15T08:36:35 IST" name="TestTitleValidation" finished-at="2021-06-15T08:36:53 IST" duration-ms="17727">
      <class name="SeleniumWebAutomation.ValidateTitle">
        <test-method is-config="true" signature="initateDriver()[pri:0, instance:SeleniumWebAutomation.ValidateTitle@24faea88]" started-at="2021-06-15T08:36:35 IST" name="initateDriver" finished-at="2021-06-15T08:36:53 IST" duration-ms="17523" status="PASS">
          <reporter-output>
          </reporter-output>
        </test-method> <!-- initateDriver -->
        <test-method signature="ValidateAppTitle()[pri:0, instance:SeleniumWebAutomation.ValidateTitle@24faea88]" started-at="2021-06-15T08:36:53 IST" name="ValidateAppTitle" finished-at="2021-06-15T08:36:53 IST" duration-ms="76" status="PASS">
          <reporter-output>
          </reporter-output>
        </test-method> <!-- ValidateAppTitle -->
        <test-method is-config="true" signature="closeBrowserWindows()[pri:0, instance:SeleniumWebAutomation.ValidateTitle@24faea88]" started-at="2021-06-15T08:36:53 IST" name="closeBrowserWindows" finished-at="2021-06-15T08:36:53 IST" duration-ms="124" status="PASS">
          <reporter-output>
          </reporter-output>
        </test-method> <!-- closeBrowserWindows -->
      </class> <!-- SeleniumWebAutomation.ValidateTitle -->
    </test> <!-- TestTitleValidation -->
    <test started-at="2021-06-15T08:36:53 IST" name="TestNavBarValidation" finished-at="2021-06-15T08:37:15 IST" duration-ms="21967">
      <class name="SeleniumWebAutomation.ValidateNavBar">
        <test-method is-config="true" signature="initateDriver()[pri:0, instance:SeleniumWebAutomation.ValidateNavBar@ab7a938]" started-at="2021-06-15T08:36:53 IST" name="initateDriver" finished-at="2021-06-15T08:37:15 IST" duration-ms="21733" status="PASS">
          <reporter-output>
          </reporter-output>
        </test-method> <!-- initateDriver -->
        <test-method signature="validateNavBar()[pri:0, instance:SeleniumWebAutomation.ValidateNavBar@ab7a938]" started-at="2021-06-15T08:37:15 IST" name="validateNavBar" finished-at="2021-06-15T08:37:15 IST" duration-ms="127" status="PASS">
          <reporter-output>
          </reporter-output>
        </test-method> <!-- validateNavBar -->
        <test-method is-config="true" signature="closeBrowserWindows()[pri:0, instance:SeleniumWebAutomation.ValidateNavBar@ab7a938]" started-at="2021-06-15T08:37:15 IST" name="closeBrowserWindows" finished-at="2021-06-15T08:37:15 IST" duration-ms="102" status="PASS">
          <reporter-output>
          </reporter-output>
        </test-method> <!-- closeBrowserWindows -->
      </class> <!-- SeleniumWebAutomation.ValidateNavBar -->
    </test> <!-- TestNavBarValidation -->
  </suite> <!-- Suite -->
</testng-results>
